<?xml version="1.0" encoding="UTF-8"?>
<testsuite xmlns:xsi="http://www.w3.org/2001/XMLSchema-instance" xsi:noNamespaceSchemaLocation="https://maven.apache.org/surefire/maven-surefire-plugin/xsd/surefire-test-report-3.0.xsd" version="3.0" name="TestSuite" time="0.804" tests="1" errors="0" skipped="0" failures="0">
  <properties>
    <property name="java.specification.version" value="17"/>
    <property name="sun.cpu.isalist" value="amd64"/>
    <property name="sun.jnu.encoding" value="Cp1252"/>
    <property name="java.class.path" value="D:\SimpliLearn\Classes\Phase2\JavaWS\AWS-Mavan-TestNG-Practice\target\test-classes;D:\SimpliLearn\Classes\Phase2\JavaWS\AWS-Mavan-TestNG-Practice\target\classes;C:\Users\PKCHETHAN\.m2\repository\org\testng\testng\6.9.8\testng-6.9.8.jar;C:\Users\PKCHETHAN\.m2\repository\org\beanshell\bsh\2.0b4\bsh-2.0b4.jar;C:\Users\PKCHETHAN\.m2\repository\com\beust\jcommander\1.48\jcommander-1.48.jar;"/>
    <property name="java.vm.vendor" value="Oracle Corporation"/>
    <property name="sun.arch.data.model" value="64"/>
    <property name="user.variant" value=""/>
    <property name="java.vendor.url" value="https://java.oracle.com/"/>
    <property name="user.timezone" value="Asia/Calcutta"/>
    <property name="os.name" value="Windows 11"/>
    <property name="java.vm.specification.version" value="17"/>
    <property name="sun.java.launcher" value="SUN_STANDARD"/>
    <property name="user.country" value="IN"/>
    <property name="sun.boot.library.path" value="C:\Program Files\Java\jdk-17.0.4.1\bin"/>
    <property name="sun.java.command" value="C:\Users\PKCHETHAN\AppData\Local\Temp\surefire15609457292636929489\surefirebooter-20240224122456526_3.jar C:\Users\PKCHETHAN\AppData\Local\Temp\surefire15609457292636929489 2024-02-24T12-24-56_390-jvmRun1 surefire-20240224122456526_1tmp surefire_0-20240224122456526_2tmp"/>
    <property name="jdk.debug" value="release"/>
    <property name="surefire.test.class.path" value="D:\SimpliLearn\Classes\Phase2\JavaWS\AWS-Mavan-TestNG-Practice\target\test-classes;D:\SimpliLearn\Classes\Phase2\JavaWS\AWS-Mavan-TestNG-Practice\target\classes;C:\Users\PKCHETHAN\.m2\repository\org\testng\testng\6.9.8\testng-6.9.8.jar;C:\Users\PKCHETHAN\.m2\repository\org\beanshell\bsh\2.0b4\bsh-2.0b4.jar;C:\Users\PKCHETHAN\.m2\repository\com\beust\jcommander\1.48\jcommander-1.48.jar;"/>
    <property name="sun.cpu.endian" value="little"/>
    <property name="user.home" value="C:\Users\PKCHETHAN"/>
    <property name="user.language" value="en"/>
    <property name="java.specification.vendor" value="Oracle Corporation"/>
    <property name="java.version.date" value="2022-08-18"/>
    <property name="java.home" value="C:\Program Files\Java\jdk-17.0.4.1"/>
    <property name="file.separator" value="\"/>
    <property name="style.color" value="always"/>
    <property name="basedir" value="D:\SimpliLearn\Classes\Phase2\JavaWS\AWS-Mavan-TestNG-Practice"/>
    <property name="java.vm.compressedOopsMode" value="32-bit"/>
    <property name="line.separator" value="&#10;"/>
    <property name="java.vm.specification.vendor" value="Oracle Corporation"/>
    <property name="java.specification.name" value="Java Platform API Specification"/>
    <property name="surefire.real.class.path" value="C:\Users\PKCHETHAN\AppData\Local\Temp\surefire15609457292636929489\surefirebooter-20240224122456526_3.jar"/>
    <property name="user.script" value=""/>
    <property name="sun.management.compiler" value="HotSpot 64-Bit Tiered Compilers"/>
    <property name="java.runtime.version" value="17.0.4.1+1-LTS-2"/>
    <property name="user.name" value="PKCHETHAN"/>
    <property name="path.separator" value=";"/>
    <property name="os.version" value="10.0"/>
    <property name="java.runtime.name" value="Java(TM) SE Runtime Environment"/>
    <property name="file.encoding" value="Cp1252"/>
    <property name="java.vm.name" value="Java HotSpot(TM) 64-Bit Server VM"/>
    <property name="localRepository" value="C:\Users\PKCHETHAN\.m2\repository"/>
    <property name="java.vendor.url.bug" value="https://bugreport.java.com/bugreport/"/>
    <property name="java.io.tmpdir" value="C:\Users\PKCHET~1\AppData\Local\Temp\"/>
    <property name="java.version" value="17.0.4.1"/>
    <property name="user.dir" value="D:\SimpliLearn\Classes\Phase2\JavaWS\AWS-Mavan-TestNG-Practice"/>
    <property name="os.arch" value="amd64"/>
    <property name="java.vm.specification.name" value="Java Virtual Machine Specification"/>
    <property name="sun.os.patch.level" value=""/>
    <property name="native.encoding" value="Cp1252"/>
    <property name="java.library.path" value="C:\Program Files\Java\jdk-17.0.4.1\bin;C:\WINDOWS\Sun\Java\bin;C:\WINDOWS\system32;C:\WINDOWS;C:\Program Files\Common Files\Oracle\Java\javapath;C:\Windows\system32;C:\Windows;C:\Windows\System32\Wbem;C:\Windows\System32\WindowsPowerShell\v1.0\;C:\Windows\System32\OpenSSH\;C:\Program Files (x86)\NVIDIA Corporation\PhysX\Common;C:\Program Files\NVIDIA Corporation\NVIDIA NvDLISR;C:\Program Files\dotnet\;C:\Program Files\Git\cmd;C:\WINDOWS\system32;C:\WINDOWS;C:\WINDOWS\System32\Wbem;C:\WINDOWS\System32\WindowsPowerShell\v1.0\;C:\WINDOWS\System32\OpenSSH\;C:\Program Files\nodejs\;C:\Program Files\Java\jdk-11\bin;C:\Program Files\Docker\Docker\resources\bin;D:\Softwares\Technical\ANT\apache-ant-1.10.14\bin;D:\Softwares\Technical\MAVEN\bin;C:\Program Files\MySQL\MySQL Shell 8.0\bin\;C:\Users\PKCHETHAN\AppData\Local\Microsoft\WindowsApps;C:\Users\PKCHETHAN\AppData\Local\Programs\Microsoft VS Code\bin;C:\Users\PKCHETHAN\AppData\Roaming\npm;C:\Users\PKCHETHAN\AppData\Roaming\npm\node_modules\@angular\cli\bin;;."/>
    <property name="java.vm.info" value="mixed mode, sharing"/>
    <property name="java.vendor" value="Oracle Corporation"/>
    <property name="java.vm.version" value="17.0.4.1+1-LTS-2"/>
    <property name="sun.io.unicode.encoding" value="UnicodeLittle"/>
    <property name="java.class.version" value="61.0"/>
  </properties>
  <testcase name="testAdd" classname="com.practice.TestCalc" time="0.001">
    <system-out><![CDATA[before
]]></system-out>
  </testcase>
</testsuite>