<?xml version="1.0" encoding="UTF-8"?>
<!-- Generated by org.testng.reporters.JUnitReportReporter -->
<testsuite hostname="PKCHETHAN-LAPTOP" failures="0" tests="1" name="com.practice.TestCalc" time="0.007" errors="0" timestamp="28 Jan 2024 14:20:32 GMT">
  <testcase classname="com.practice.TestCalc" name="testAdd" time="0.007"/>
</testsuite> <!-- com.practice.TestCalc -->
